# JRE version: OpenJDK Runtime Environment (8.0_152-b01) (build 1.8.0_152-release-1248-b01)
# Java VM: OpenJDK 64-Bit Server VM (25.152-b01 mixed mode windows-amd64 compressed oops)
Heap:
 PSYoungGen      total 255488K, used 241334K [0x00000000e0000000, 0x00000000f4600000, 0x0000000100000000)
  eden space 231936K, 93% used [0x00000000e0000000,0x00000000ed4aeab0,0x00000000ee280000)
  from space 23552K, 99% used [0x00000000ee280000,0x00000000ef97f090,0x00000000ef980000)
  to   space 30720K, 0% used [0x00000000f2800000,0x00000000f2800000,0x00000000f4600000)
 ParOldGen       total 146432K, used 50565K [0x00000000a0000000, 0x00000000a8f00000, 0x00000000e0000000)
  object space 146432K, 34% used [0x00000000a0000000,0x00000000a3161570,0x00000000a8f00000)
 Metaspace       used 84825K, capacity 88266K, committed 88472K, reserved 1126400K
  class space    used 11360K, capacity 12106K, committed 12208K, reserved 1048576K
GC Heap History (10 events):
Event: 7.224 GC heap before
{Heap before GC invocations=12 (full 2):
 PSYoungGen      total 160768K, used 160746K [0x00000000e0000000, 0x00000000eda00000, 0x0000000100000000)
  eden space 146944K, 100% used [0x00000000e0000000,0x00000000e8f80000,0x00000000e8f80000)
  from space 13824K, 99% used [0x00000000e8f80000,0x00000000e9cfabd0,0x00000000e9d00000)
  to   space 16384K, 0% used [0x00000000eca00000,0x00000000eca00000,0x00000000eda00000)
 ParOldGen       total 94208K, used 18383K [0x00000000a0000000, 0x00000000a5c00000, 0x00000000e0000000)
  object space 94208K, 19% used [0x00000000a0000000,0x00000000a11f3c68,0x00000000a5c00000)
 Metaspace       used 49047K, capacity 49964K, committed 50216K, reserved 1093632K
  class space    used 6560K, capacity 6859K, committed 6960K, reserved 1048576K
Event: 7.241 GC heap after
Heap after GC invocations=12 (full 2):
 PSYoungGen      total 204800K, used 15180K [0x00000000e0000000, 0x00000000edb00000, 0x0000000100000000)
  eden space 188416K, 0% used [0x00000000e0000000,0x00000000e0000000,0x00000000eb800000)
  from space 16384K, 92% used [0x00000000eca00000,0x00000000ed8d3298,0x00000000eda00000)
  to   space 17920K, 0% used [0x00000000eb800000,0x00000000eb800000,0x00000000ec980000)
 ParOldGen       total 94208K, used 18391K [0x00000000a0000000, 0x00000000a5c00000, 0x00000000e0000000)
  object space 94208K, 19% used [0x00000000a0000000,0x00000000a11f5c68,0x00000000a5c00000)
 Metaspace       used 49047K, capacity 49964K, committed 50216K, reserved 1093632K
  class space    used 6560K, capacity 6859K, committed 6960K, reserved 1048576K
}
Event: 9.150 GC heap before
{Heap before GC invocations=13 (full 2):
 PSYoungGen      total 204800K, used 187974K [0x00000000e0000000, 0x00000000edb00000, 0x0000000100000000)
  eden space 188416K, 91% used [0x00000000e0000000,0x00000000ea8be5c8,0x00000000eb800000)
  from space 16384K, 92% used [0x00000000eca00000,0x00000000ed8d3298,0x00000000eda00000)
  to   space 17920K, 0% used [0x00000000eb800000,0x00000000eb800000,0x00000000ec980000)
 ParOldGen       total 94208K, used 18391K [0x00000000a0000000, 0x00000000a5c00000, 0x00000000e0000000)
  object space 94208K, 19% used [0x00000000a0000000,0x00000000a11f5c68,0x00000000a5c00000)
 Metaspace       used 57788K, capacity 59024K, committed 59160K, reserved 1099776K
  class space    used 7825K, capacity 8166K, committed 8240K, reserved 1048576K
Event: 9.180 GC heap after
Heap after GC invocations=13 (full 2):
 PSYoungGen      total 206336K, used 17912K [0x00000000e0000000, 0x00000000f1680000, 0x0000000100000000)
  eden space 188416K, 0% used [0x00000000e0000000,0x00000000e0000000,0x00000000eb800000)
  from space 17920K, 99% used [0x00000000eb800000,0x00000000ec97e300,0x00000000ec980000)
  to   space 23040K, 0% used [0x00000000f0000000,0x00000000f0000000,0x00000000f1680000)
 ParOldGen       total 94208K, used 25298K [0x00000000a0000000, 0x00000000a5c00000, 0x00000000e0000000)
  object space 94208K, 26% used [0x00000000a0000000,0x00000000a18b4a50,0x00000000a5c00000)
 Metaspace       used 57788K, capacity 59024K, committed 59160K, reserved 1099776K
  class space    used 7825K, capacity 8166K, committed 8240K, reserved 1048576K
}
Event: 9.180 GC heap before
{Heap before GC invocations=14 (full 3):
 PSYoungGen      total 206336K, used 17912K [0x00000000e0000000, 0x00000000f1680000, 0x0000000100000000)
  eden space 188416K, 0% used [0x00000000e0000000,0x00000000e0000000,0x00000000eb800000)
  from space 17920K, 99% used [0x00000000eb800000,0x00000000ec97e300,0x00000000ec980000)
  to   space 23040K, 0% used [0x00000000f0000000,0x00000000f0000000,0x00000000f1680000)
 ParOldGen       total 94208K, used 25298K [0x00000000a0000000, 0x00000000a5c00000, 0x00000000e0000000)
  object space 94208K, 26% used [0x00000000a0000000,0x00000000a18b4a50,0x00000000a5c00000)
 Metaspace       used 57788K, capacity 59024K, committed 59160K, reserved 1099776K
  class space    used 7825K, capacity 8166K, committed 8240K, reserved 1048576K
Event: 9.431 GC heap after
Heap after GC invocations=14 (full 3):
 PSYoungGen      total 206336K, used 0K [0x00000000e0000000, 0x00000000f1680000, 0x0000000100000000)
  eden space 188416K, 0% used [0x00000000e0000000,0x00000000e0000000,0x00000000eb800000)
  from space 17920K, 0% used [0x00000000eb800000,0x00000000eb800000,0x00000000ec980000)
  to   space 23040K, 0% used [0x00000000f0000000,0x00000000f0000000,0x00000000f1680000)
 ParOldGen       total 146432K, used 39633K [0x00000000a0000000, 0x00000000a8f00000, 0x00000000e0000000)
  object space 146432K, 27% used [0x00000000a0000000,0x00000000a26b4768,0x00000000a8f00000)
 Metaspace       used 57788K, capacity 59024K, committed 59160K, reserved 1099776K
  class space    used 7825K, capacity 8166K, committed 8240K, reserved 1048576K
}
Event: 11.190 GC heap before
{Heap before GC invocations=15 (full 3):
 PSYoungGen      total 206336K, used 188416K [0x00000000e0000000, 0x00000000f1680000, 0x0000000100000000)
  eden space 188416K, 100% used [0x00000000e0000000,0x00000000eb800000,0x00000000eb800000)
  from space 17920K, 0% used [0x00000000eb800000,0x00000000eb800000,0x00000000ec980000)
  to   space 23040K, 0% used [0x00000000f0000000,0x00000000f0000000,0x00000000f1680000)
 ParOldGen       total 146432K, used 39635K [0x00000000a0000000, 0x00000000a8f00000, 0x00000000e0000000)
  object space 146432K, 27% used [0x00000000a0000000,0x00000000a26b4ef8,0x00000000a8f00000)
 Metaspace       used 63689K, capacity 65486K, committed 65816K, reserved 1105920K
  class space    used 8681K, capacity 9160K, committed 9264K, reserved 1048576K
Event: 11.215 GC heap after
Heap after GC invocations=15 (full 3):
 PSYoungGen      total 245760K, used 16430K [0x00000000e0000000, 0x00000000f1080000, 0x0000000100000000)
  eden space 228864K, 0% used [0x00000000e0000000,0x00000000e0000000,0x00000000edf80000)
  from space 16896K, 97% used [0x00000000f0000000,0x00000000f100b8a8,0x00000000f1080000)
  to   space 23552K, 0% used [0x00000000ee280000,0x00000000ee280000,0x00000000ef980000)
 ParOldGen       total 146432K, used 39643K [0x00000000a0000000, 0x00000000a8f00000, 0x00000000e0000000)
  object space 146432K, 27% used [0x00000000a0000000,0x00000000a26b6ef8,0x00000000a8f00000)
 Metaspace       used 63689K, capacity 65486K, committed 65816K, reserved 1105920K
  class space    used 8681K, capacity 9160K, committed 9264K, reserved 1048576K
}
Event: 16.517 GC heap before
{Heap before GC invocations=16 (full 3):
 PSYoungGen      total 245760K, used 245294K [0x00000000e0000000, 0x00000000f1080000, 0x0000000100000000)
  eden space 228864K, 100% used [0x00000000e0000000,0x00000000edf80000,0x00000000edf80000)
  from space 16896K, 97% used [0x00000000f0000000,0x00000000f100b8a8,0x00000000f1080000)
  to   space 23552K, 0% used [0x00000000ee280000,0x00000000ee280000,0x00000000ef980000)
 ParOldGen       total 146432K, used 39645K [0x00000000a0000000, 0x00000000a8f00000, 0x00000000e0000000)
  object space 146432K, 27% used [0x00000000a0000000,0x00000000a26b76f8,0x00000000a8f00000)
 Metaspace       used 78256K, capacity 81120K, committed 81176K, reserved 1120256K
  class space    used 10626K, capacity 11275K, committed 11312K, reserved 1048576K
Event: 16.551 GC heap after
Heap after GC invocations=16 (full 3):
 PSYoungGen      total 255488K, used 23548K [0x00000000e0000000, 0x00000000f4600000, 0x0000000100000000)
  eden space 231936K, 0% used [0x00000000e0000000,0x00000000e0000000,0x00000000ee280000)
  from space 23552K, 99% used [0x00000000ee280000,0x00000000ef97f090,0x00000000ef980000)
  to   space 30720K, 0% used [0x00000000f2800000,0x00000000f2800000,0x00000000f4600000)
 ParOldGen       total 146432K, used 50565K [0x00000000a0000000, 0x00000000a8f00000, 0x00000000e0000000)
  object space 146432K, 34% used [0x00000000a0000000,0x00000000a3161570,0x00000000a8f00000)
 Metaspace       used 78256K, capacity 81120K, committed 81176K, reserved 1120256K
  class space    used 10626K, capacity 11275K, committed 11312K, reserved 1048576K
}

