# JRE version: OpenJDK Runtime Environment (8.0_152-b01) (build 1.8.0_152-release-1248-b01)
# Java VM: OpenJDK 64-Bit Server VM (25.152-b01 mixed mode windows-amd64 compressed oops)
Heap:
 PSYoungGen      total 209920K, used 192000K [0x00000000e0000000, 0x00000000f1d80000, 0x0000000100000000)
  eden space 192000K, 100% used [0x00000000e0000000,0x00000000ebb80000,0x00000000ebb80000)
  from space 17920K, 0% used [0x00000000ebb80000,0x00000000ebb80000,0x00000000ecd00000)
  to   space 23040K, 46% used [0x00000000f0700000,0x00000000f115f030,0x00000000f1d80000)
 ParOldGen       total 141312K, used 39500K [0x00000000a0000000, 0x00000000a8a00000, 0x00000000e0000000)
  object space 141312K, 27% used [0x00000000a0000000,0x00000000a26931a8,0x00000000a8a00000)
 Metaspace       used 63771K, capacity 65610K, committed 65816K, reserved 1105920K
  class space    used 8685K, capacity 9160K, committed 9264K, reserved 1048576K
GC Heap History (10 events):
Event: 5.312 GC heap after
Heap after GC invocations=10 (full 2):
 PSYoungGen      total 162304K, used 0K [0x00000000e0000000, 0x00000000ee480000, 0x0000000100000000)
  eden space 148480K, 0% used [0x00000000e0000000,0x00000000e0000000,0x00000000e9100000)
  from space 13824K, 0% used [0x00000000e9e80000,0x00000000e9e80000,0x00000000eac00000)
  to   space 13824K, 0% used [0x00000000e9100000,0x00000000e9100000,0x00000000e9e80000)
 ParOldGen       total 91648K, used 16315K [0x00000000a0000000, 0x00000000a5980000, 0x00000000e0000000)
  object space 91648K, 17% used [0x00000000a0000000,0x00000000a0feed18,0x00000000a5980000)
 Metaspace       used 34741K, capacity 35350K, committed 35496K, reserved 1079296K
  class space    used 4822K, capacity 5029K, committed 5040K, reserved 1048576K
}
Event: 7.043 GC heap before
{Heap before GC invocations=11 (full 2):
 PSYoungGen      total 162304K, used 148480K [0x00000000e0000000, 0x00000000ee480000, 0x0000000100000000)
  eden space 148480K, 100% used [0x00000000e0000000,0x00000000e9100000,0x00000000e9100000)
  from space 13824K, 0% used [0x00000000e9e80000,0x00000000e9e80000,0x00000000eac00000)
  to   space 13824K, 0% used [0x00000000e9100000,0x00000000e9100000,0x00000000e9e80000)
 ParOldGen       total 91648K, used 16315K [0x00000000a0000000, 0x00000000a5980000, 0x00000000e0000000)
  object space 91648K, 17% used [0x00000000a0000000,0x00000000a0feed18,0x00000000a5980000)
 Metaspace       used 43808K, capacity 44616K, committed 44968K, reserved 1087488K
  class space    used 5920K, capacity 6217K, committed 6320K, reserved 1048576K
Event: 7.056 GC heap after
Heap after GC invocations=11 (full 2):
 PSYoungGen      total 162304K, used 13823K [0x00000000e0000000, 0x00000000edd80000, 0x0000000100000000)
  eden space 148480K, 0% used [0x00000000e0000000,0x00000000e0000000,0x00000000e9100000)
  from space 13824K, 99% used [0x00000000e9100000,0x00000000e9e7fd90,0x00000000e9e80000)
  to   space 16384K, 0% used [0x00000000ecd80000,0x00000000ecd80000,0x00000000edd80000)
 ParOldGen       total 91648K, used 18220K [0x00000000a0000000, 0x00000000a5980000, 0x00000000e0000000)
  object space 91648K, 19% used [0x00000000a0000000,0x00000000a11cb370,0x00000000a5980000)
 Metaspace       used 43808K, capacity 44616K, committed 44968K, reserved 1087488K
  class space    used 5920K, capacity 6217K, committed 6320K, reserved 1048576K
}
Event: 8.151 GC heap before
{Heap before GC invocations=12 (full 2):
 PSYoungGen      total 162304K, used 162303K [0x00000000e0000000, 0x00000000edd80000, 0x0000000100000000)
  eden space 148480K, 100% used [0x00000000e0000000,0x00000000e9100000,0x00000000e9100000)
  from space 13824K, 99% used [0x00000000e9100000,0x00000000e9e7fd90,0x00000000e9e80000)
  to   space 16384K, 0% used [0x00000000ecd80000,0x00000000ecd80000,0x00000000edd80000)
 ParOldGen       total 91648K, used 18220K [0x00000000a0000000, 0x00000000a5980000, 0x00000000e0000000)
  object space 91648K, 19% used [0x00000000a0000000,0x00000000a11cb370,0x00000000a5980000)
 Metaspace       used 49159K, capacity 50076K, committed 50472K, reserved 1093632K
  class space    used 6573K, capacity 6895K, committed 6960K, reserved 1048576K
Event: 8.172 GC heap after
Heap after GC invocations=12 (full 2):
 PSYoungGen      total 208384K, used 15483K [0x00000000e0000000, 0x00000000ede80000, 0x0000000100000000)
  eden space 192000K, 0% used [0x00000000e0000000,0x00000000e0000000,0x00000000ebb80000)
  from space 16384K, 94% used [0x00000000ecd80000,0x00000000edc9ec00,0x00000000edd80000)
  to   space 17920K, 0% used [0x00000000ebb80000,0x00000000ebb80000,0x00000000ecd00000)
 ParOldGen       total 91648K, used 18300K [0x00000000a0000000, 0x00000000a5980000, 0x00000000e0000000)
  object space 91648K, 19% used [0x00000000a0000000,0x00000000a11df380,0x00000000a5980000)
 Metaspace       used 49159K, capacity 50076K, committed 50472K, reserved 1093632K
  class space    used 6573K, capacity 6895K, committed 6960K, reserved 1048576K
}
Event: 10.197 GC heap before
{Heap before GC invocations=13 (full 2):
 PSYoungGen      total 208384K, used 173093K [0x00000000e0000000, 0x00000000ede80000, 0x0000000100000000)
  eden space 192000K, 82% used [0x00000000e0000000,0x00000000e99eaa78,0x00000000ebb80000)
  from space 16384K, 94% used [0x00000000ecd80000,0x00000000edc9ec00,0x00000000edd80000)
  to   space 17920K, 0% used [0x00000000ebb80000,0x00000000ebb80000,0x00000000ecd00000)
 ParOldGen       total 91648K, used 18300K [0x00000000a0000000, 0x00000000a5980000, 0x00000000e0000000)
  object space 91648K, 19% used [0x00000000a0000000,0x00000000a11df380,0x00000000a5980000)
 Metaspace       used 57793K, capacity 59024K, committed 59160K, reserved 1099776K
  class space    used 7820K, capacity 8166K, committed 8240K, reserved 1048576K
Event: 10.242 GC heap after
Heap after GC invocations=13 (full 2):
 PSYoungGen      total 209920K, used 17899K [0x00000000e0000000, 0x00000000f1d80000, 0x0000000100000000)
  eden space 192000K, 0% used [0x00000000e0000000,0x00000000e0000000,0x00000000ebb80000)
  from space 17920K, 99% used [0x00000000ebb80000,0x00000000eccfadd8,0x00000000ecd00000)
  to   space 23040K, 0% used [0x00000000f0700000,0x00000000f0700000,0x00000000f1d80000)
 ParOldGen       total 91648K, used 24865K [0x00000000a0000000, 0x00000000a5980000, 0x00000000e0000000)
  object space 91648K, 27% used [0x00000000a0000000,0x00000000a1848610,0x00000000a5980000)
 Metaspace       used 57793K, capacity 59024K, committed 59160K, reserved 1099776K
  class space    used 7820K, capacity 8166K, committed 8240K, reserved 1048576K
}
Event: 10.242 GC heap before
{Heap before GC invocations=14 (full 3):
 PSYoungGen      total 209920K, used 17899K [0x00000000e0000000, 0x00000000f1d80000, 0x0000000100000000)
  eden space 192000K, 0% used [0x00000000e0000000,0x00000000e0000000,0x00000000ebb80000)
  from space 17920K, 99% used [0x00000000ebb80000,0x00000000eccfadd8,0x00000000ecd00000)
  to   space 23040K, 0% used [0x00000000f0700000,0x00000000f0700000,0x00000000f1d80000)
 ParOldGen       total 91648K, used 24865K [0x00000000a0000000, 0x00000000a5980000, 0x00000000e0000000)
  object space 91648K, 27% used [0x00000000a0000000,0x00000000a1848610,0x00000000a5980000)
 Metaspace       used 57793K, capacity 59024K, committed 59160K, reserved 1099776K
  class space    used 7820K, capacity 8166K, committed 8240K, reserved 1048576K
Event: 10.498 GC heap after
Heap after GC invocations=14 (full 3):
 PSYoungGen      total 209920K, used 0K [0x00000000e0000000, 0x00000000f1d80000, 0x0000000100000000)
  eden space 192000K, 0% used [0x00000000e0000000,0x00000000e0000000,0x00000000ebb80000)
  from space 17920K, 0% used [0x00000000ebb80000,0x00000000ebb80000,0x00000000ecd00000)
  to   space 23040K, 0% used [0x00000000f0700000,0x00000000f0700000,0x00000000f1d80000)
 ParOldGen       total 141312K, used 39492K [0x00000000a0000000, 0x00000000a8a00000, 0x00000000e0000000)
  object space 141312K, 27% used [0x00000000a0000000,0x00000000a26911a8,0x00000000a8a00000)
 Metaspace       used 57793K, capacity 59024K, committed 59160K, reserved 1099776K
  class space    used 7820K, capacity 8166K, committed 8240K, reserved 1048576K
}
Event: 12.345 GC heap before
{Heap before GC invocations=15 (full 3):
 PSYoungGen      total 209920K, used 192000K [0x00000000e0000000, 0x00000000f1d80000, 0x0000000100000000)
  eden space 192000K, 100% used [0x00000000e0000000,0x00000000ebb80000,0x00000000ebb80000)
  from space 17920K, 0% used [0x00000000ebb80000,0x00000000ebb80000,0x00000000ecd00000)
  to   space 23040K, 0% used [0x00000000f0700000,0x00000000f0700000,0x00000000f1d80000)
 ParOldGen       total 141312K, used 39492K [0x00000000a0000000, 0x00000000a8a00000, 0x00000000e0000000)
  object space 141312K, 27% used [0x00000000a0000000,0x00000000a26911a8,0x00000000a8a00000)
 Metaspace       used 63771K, capacity 65610K, committed 65816K, reserved 1105920K
  class space    used 8685K, capacity 9160K, committed 9264K, reserved 1048576K

