# JRE version: OpenJDK Runtime Environment (8.0_152-b01) (build 1.8.0_152-release-1248-b01)
# Java VM: OpenJDK 64-Bit Server VM (25.152-b01 mixed mode windows-amd64 compressed oops)
Heap:
 PSYoungGen      total 490496K, used 296300K [0x00000000e0000000, 0x00000000ffd80000, 0x0000000100000000)
  eden space 462336K, 61% used [0x00000000e0000000,0x00000000f178bc50,0x00000000fc380000)
  from space 28160K, 35% used [0x00000000fe200000,0x00000000febcf4d0,0x00000000ffd80000)
  to   space 29696K, 0% used [0x00000000fc380000,0x00000000fc380000,0x00000000fe080000)
 ParOldGen       total 157696K, used 60770K [0x00000000a0000000, 0x00000000a9a00000, 0x00000000e0000000)
  object space 157696K, 38% used [0x00000000a0000000,0x00000000a3b58b08,0x00000000a9a00000)
 Metaspace       used 100346K, capacity 104658K, committed 104856K, reserved 1140736K
  class space    used 12812K, capacity 13702K, committed 13744K, reserved 1048576K
GC Heap History (10 events):
Event: 58.658 GC heap before
{Heap before GC invocations=28 (full 3):
 PSYoungGen      total 488448K, used 482957K [0x00000000e0000000, 0x0000000100000000, 0x0000000100000000)
  eden space 457728K, 99% used [0x00000000e0000000,0x00000000fbedb1d0,0x00000000fbf00000)
  from space 30720K, 82% used [0x00000000fe200000,0x00000000ffac83c8,0x0000000100000000)
  to   space 33280K, 0% used [0x00000000fbf00000,0x00000000fbf00000,0x00000000fdf80000)
 ParOldGen       total 119808K, used 62348K [0x00000000a0000000, 0x00000000a7500000, 0x00000000e0000000)
  object space 119808K, 52% used [0x00000000a0000000,0x00000000a3ce3228,0x00000000a7500000)
 Metaspace       used 93923K, capacity 97598K, committed 97816K, reserved 1134592K
  class space    used 12247K, capacity 12998K, committed 13104K, reserved 1048576K
Event: 58.682 GC heap after
Heap after GC invocations=28 (full 3):
 PSYoungGen      total 491008K, used 9499K [0x00000000e0000000, 0x0000000100000000, 0x0000000100000000)
  eden space 457728K, 0% used [0x00000000e0000000,0x00000000e0000000,0x00000000fbf00000)
  from space 33280K, 28% used [0x00000000fbf00000,0x00000000fc846d38,0x00000000fdf80000)
  to   space 32768K, 0% used [0x00000000fe000000,0x00000000fe000000,0x0000000100000000)
 ParOldGen       total 119808K, used 62356K [0x00000000a0000000, 0x00000000a7500000, 0x00000000e0000000)
  object space 119808K, 52% used [0x00000000a0000000,0x00000000a3ce5228,0x00000000a7500000)
 Metaspace       used 93923K, capacity 97598K, committed 97816K, reserved 1134592K
  class space    used 12247K, capacity 12998K, committed 13104K, reserved 1048576K
}
Event: 59.323 GC heap before
{Heap before GC invocations=29 (full 3):
 PSYoungGen      total 491008K, used 466457K [0x00000000e0000000, 0x0000000100000000, 0x0000000100000000)
  eden space 457728K, 99% used [0x00000000e0000000,0x00000000fbe3f750,0x00000000fbf00000)
  from space 33280K, 28% used [0x00000000fbf00000,0x00000000fc846d38,0x00000000fdf80000)
  to   space 32768K, 0% used [0x00000000fe000000,0x00000000fe000000,0x0000000100000000)
 ParOldGen       total 119808K, used 62356K [0x00000000a0000000, 0x00000000a7500000, 0x00000000e0000000)
  object space 119808K, 52% used [0x00000000a0000000,0x00000000a3ce5228,0x00000000a7500000)
 Metaspace       used 94685K, capacity 98510K, committed 98600K, reserved 1134592K
  class space    used 12361K, capacity 13148K, committed 13232K, reserved 1048576K
Event: 59.347 GC heap after
Heap after GC invocations=29 (full 3):
 PSYoungGen      total 487424K, used 13010K [0x00000000e0000000, 0x00000000ffc80000, 0x0000000100000000)
  eden space 458240K, 0% used [0x00000000e0000000,0x00000000e0000000,0x00000000fbf80000)
  from space 29184K, 44% used [0x00000000fe000000,0x00000000fecb4910,0x00000000ffc80000)
  to   space 31232K, 0% used [0x00000000fbf80000,0x00000000fbf80000,0x00000000fde00000)
 ParOldGen       total 119808K, used 62356K [0x00000000a0000000, 0x00000000a7500000, 0x00000000e0000000)
  object space 119808K, 52% used [0x00000000a0000000,0x00000000a3ce5228,0x00000000a7500000)
 Metaspace       used 94685K, capacity 98510K, committed 98600K, reserved 1134592K
  class space    used 12361K, capacity 13148K, committed 13232K, reserved 1048576K
}
Event: 59.489 GC heap before
{Heap before GC invocations=30 (full 3):
 PSYoungGen      total 487424K, used 429362K [0x00000000e0000000, 0x00000000ffc80000, 0x0000000100000000)
  eden space 458240K, 90% used [0x00000000e0000000,0x00000000f9698118,0x00000000fbf80000)
  from space 29184K, 44% used [0x00000000fe000000,0x00000000fecb4910,0x00000000ffc80000)
  to   space 31232K, 0% used [0x00000000fbf80000,0x00000000fbf80000,0x00000000fde00000)
 ParOldGen       total 119808K, used 62356K [0x00000000a0000000, 0x00000000a7500000, 0x00000000e0000000)
  object space 119808K, 52% used [0x00000000a0000000,0x00000000a3ce5228,0x00000000a7500000)
 Metaspace       used 94710K, capacity 98542K, committed 98600K, reserved 1134592K
  class space    used 12363K, capacity 13180K, committed 13232K, reserved 1048576K
Event: 59.508 GC heap after
Heap after GC invocations=30 (full 3):
 PSYoungGen      total 489472K, used 7778K [0x00000000e0000000, 0x0000000100000000, 0x0000000100000000)
  eden space 458240K, 0% used [0x00000000e0000000,0x00000000e0000000,0x00000000fbf80000)
  from space 31232K, 24% used [0x00000000fbf80000,0x00000000fc718ac0,0x00000000fde00000)
  to   space 30720K, 0% used [0x00000000fe200000,0x00000000fe200000,0x0000000100000000)
 ParOldGen       total 119808K, used 62364K [0x00000000a0000000, 0x00000000a7500000, 0x00000000e0000000)
  object space 119808K, 52% used [0x00000000a0000000,0x00000000a3ce7228,0x00000000a7500000)
 Metaspace       used 94710K, capacity 98542K, committed 98600K, reserved 1134592K
  class space    used 12363K, capacity 13180K, committed 13232K, reserved 1048576K
}
Event: 59.508 GC heap before
{Heap before GC invocations=31 (full 4):
 PSYoungGen      total 489472K, used 7778K [0x00000000e0000000, 0x0000000100000000, 0x0000000100000000)
  eden space 458240K, 0% used [0x00000000e0000000,0x00000000e0000000,0x00000000fbf80000)
  from space 31232K, 24% used [0x00000000fbf80000,0x00000000fc718ac0,0x00000000fde00000)
  to   space 30720K, 0% used [0x00000000fe200000,0x00000000fe200000,0x0000000100000000)
 ParOldGen       total 119808K, used 62364K [0x00000000a0000000, 0x00000000a7500000, 0x00000000e0000000)
  object space 119808K, 52% used [0x00000000a0000000,0x00000000a3ce7228,0x00000000a7500000)
 Metaspace       used 94710K, capacity 98542K, committed 98600K, reserved 1134592K
  class space    used 12363K, capacity 13180K, committed 13232K, reserved 1048576K
Event: 59.788 GC heap after
Heap after GC invocations=31 (full 4):
 PSYoungGen      total 489472K, used 0K [0x00000000e0000000, 0x0000000100000000, 0x0000000100000000)
  eden space 458240K, 0% used [0x00000000e0000000,0x00000000e0000000,0x00000000fbf80000)
  from space 31232K, 0% used [0x00000000fbf80000,0x00000000fbf80000,0x00000000fde00000)
  to   space 30720K, 0% used [0x00000000fe200000,0x00000000fe200000,0x0000000100000000)
 ParOldGen       total 157696K, used 60762K [0x00000000a0000000, 0x00000000a9a00000, 0x00000000e0000000)
  object space 157696K, 38% used [0x00000000a0000000,0x00000000a3b56b08,0x00000000a9a00000)
 Metaspace       used 94561K, capacity 98156K, committed 98600K, reserved 1134592K
  class space    used 12311K, capacity 13089K, committed 13232K, reserved 1048576K
}
Event: 460.255 GC heap before
{Heap before GC invocations=32 (full 4):
 PSYoungGen      total 489472K, used 458240K [0x00000000e0000000, 0x0000000100000000, 0x0000000100000000)
  eden space 458240K, 100% used [0x00000000e0000000,0x00000000fbf80000,0x00000000fbf80000)
  from space 31232K, 0% used [0x00000000fbf80000,0x00000000fbf80000,0x00000000fde00000)
  to   space 30720K, 0% used [0x00000000fe200000,0x00000000fe200000,0x0000000100000000)
 ParOldGen       total 157696K, used 60762K [0x00000000a0000000, 0x00000000a9a00000, 0x00000000e0000000)
  object space 157696K, 38% used [0x00000000a0000000,0x00000000a3b56b08,0x00000000a9a00000)
 Metaspace       used 99753K, capacity 103862K, committed 104088K, reserved 1140736K
  class space    used 12773K, capacity 13632K, committed 13744K, reserved 1048576K
Event: 460.283 GC heap after
Heap after GC invocations=32 (full 4):
 PSYoungGen      total 490496K, used 10045K [0x00000000e0000000, 0x00000000ffd80000, 0x0000000100000000)
  eden space 462336K, 0% used [0x00000000e0000000,0x00000000e0000000,0x00000000fc380000)
  from space 28160K, 35% used [0x00000000fe200000,0x00000000febcf4d0,0x00000000ffd80000)
  to   space 29696K, 0% used [0x00000000fc380000,0x00000000fc380000,0x00000000fe080000)
 ParOldGen       total 157696K, used 60770K [0x00000000a0000000, 0x00000000a9a00000, 0x00000000e0000000)
  object space 157696K, 38% used [0x00000000a0000000,0x00000000a3b58b08,0x00000000a9a00000)
 Metaspace       used 99753K, capacity 103862K, committed 104088K, reserved 1140736K
  class space    used 12773K, capacity 13632K, committed 13744K, reserved 1048576K
}

