# JRE version: OpenJDK Runtime Environment (8.0_152-b01) (build 1.8.0_152-release-1248-b01)
# Java VM: OpenJDK 64-Bit Server VM (25.152-b01 mixed mode windows-amd64 compressed oops)
Heap:
 PSYoungGen      total 220672K, used 112005K [0x00000000e0000000, 0x00000000f1c80000, 0x0000000100000000)
  eden space 187392K, 51% used [0x00000000e0000000,0x00000000e5ef5cc8,0x00000000eb700000)
  from space 33280K, 44% used [0x00000000eb700000,0x00000000ec56ba50,0x00000000ed780000)
  to   space 31232K, 0% used [0x00000000efe00000,0x00000000efe00000,0x00000000f1c80000)
 ParOldGen       total 144384K, used 36855K [0x00000000a0000000, 0x00000000a8d00000, 0x00000000e0000000)
  object space 144384K, 25% used [0x00000000a0000000,0x00000000a23fdc28,0x00000000a8d00000)
 Metaspace       used 66829K, capacity 69546K, committed 69800K, reserved 1110016K
  class space    used 7759K, capacity 8610K, committed 8624K, reserved 1048576K
GC Heap History (10 events):
Event: 11.730 GC heap before
{Heap before GC invocations=15 (full 4):
 PSYoungGen      total 142848K, used 29641K [0x00000000e0000000, 0x00000000ed280000, 0x0000000100000000)
  eden space 113152K, 0% used [0x00000000e0000000,0x00000000e0000000,0x00000000e6e80000)
  from space 29696K, 99% used [0x00000000e6e80000,0x00000000e8b72788,0x00000000e8b80000)
  to   space 33792K, 0% used [0x00000000eb180000,0x00000000eb180000,0x00000000ed280000)
 ParOldGen       total 106496K, used 19381K [0x00000000a0000000, 0x00000000a6800000, 0x00000000e0000000)
  object space 106496K, 18% used [0x00000000a0000000,0x00000000a12ed4f0,0x00000000a6800000)
 Metaspace       used 57670K, capacity 59014K, committed 59160K, reserved 1101824K
  class space    used 6999K, capacity 7394K, committed 7472K, reserved 1048576K
Event: 11.896 GC heap after
Heap after GC invocations=15 (full 4):
 PSYoungGen      total 142848K, used 0K [0x00000000e0000000, 0x00000000ed280000, 0x0000000100000000)
  eden space 113152K, 0% used [0x00000000e0000000,0x00000000e0000000,0x00000000e6e80000)
  from space 29696K, 0% used [0x00000000e6e80000,0x00000000e6e80000,0x00000000e8b80000)
  to   space 33792K, 0% used [0x00000000eb180000,0x00000000eb180000,0x00000000ed280000)
 ParOldGen       total 144384K, used 36823K [0x00000000a0000000, 0x00000000a8d00000, 0x00000000e0000000)
  object space 144384K, 25% used [0x00000000a0000000,0x00000000a23f5c28,0x00000000a8d00000)
 Metaspace       used 57670K, capacity 59014K, committed 59160K, reserved 1101824K
  class space    used 6999K, capacity 7394K, committed 7472K, reserved 1048576K
}
Event: 390.506 GC heap before
{Heap before GC invocations=16 (full 4):
 PSYoungGen      total 142848K, used 113152K [0x00000000e0000000, 0x00000000ed280000, 0x0000000100000000)
  eden space 113152K, 100% used [0x00000000e0000000,0x00000000e6e80000,0x00000000e6e80000)
  from space 29696K, 0% used [0x00000000e6e80000,0x00000000e6e80000,0x00000000e8b80000)
  to   space 33792K, 0% used [0x00000000eb180000,0x00000000eb180000,0x00000000ed280000)
 ParOldGen       total 144384K, used 36823K [0x00000000a0000000, 0x00000000a8d00000, 0x00000000e0000000)
  object space 144384K, 25% used [0x00000000a0000000,0x00000000a23f5c28,0x00000000a8d00000)
 Metaspace       used 60163K, capacity 62024K, committed 62376K, reserved 1103872K
  class space    used 7213K, capacity 7735K, committed 7856K, reserved 1048576K
Event: 390.522 GC heap after
Heap after GC invocations=16 (full 4):
 PSYoungGen      total 182272K, used 7273K [0x00000000e0000000, 0x00000000ed600000, 0x0000000100000000)
  eden space 148480K, 0% used [0x00000000e0000000,0x00000000e0000000,0x00000000e9100000)
  from space 33792K, 21% used [0x00000000eb180000,0x00000000eb89a420,0x00000000ed280000)
  to   space 33280K, 0% used [0x00000000e9100000,0x00000000e9100000,0x00000000eb180000)
 ParOldGen       total 144384K, used 36831K [0x00000000a0000000, 0x00000000a8d00000, 0x00000000e0000000)
  object space 144384K, 25% used [0x00000000a0000000,0x00000000a23f7c28,0x00000000a8d00000)
 Metaspace       used 60163K, capacity 62024K, committed 62376K, reserved 1103872K
  class space    used 7213K, capacity 7735K, committed 7856K, reserved 1048576K
}
Event: 437.007 GC heap before
{Heap before GC invocations=17 (full 4):
 PSYoungGen      total 182272K, used 155753K [0x00000000e0000000, 0x00000000ed600000, 0x0000000100000000)
  eden space 148480K, 100% used [0x00000000e0000000,0x00000000e9100000,0x00000000e9100000)
  from space 33792K, 21% used [0x00000000eb180000,0x00000000eb89a420,0x00000000ed280000)
  to   space 33280K, 0% used [0x00000000e9100000,0x00000000e9100000,0x00000000eb180000)
 ParOldGen       total 144384K, used 36831K [0x00000000a0000000, 0x00000000a8d00000, 0x00000000e0000000)
  object space 144384K, 25% used [0x00000000a0000000,0x00000000a23f7c28,0x00000000a8d00000)
 Metaspace       used 61802K, capacity 63918K, committed 64040K, reserved 1105920K
  class space    used 7351K, capacity 7958K, committed 7984K, reserved 1048576K
Event: 437.031 GC heap after
Heap after GC invocations=17 (full 4):
 PSYoungGen      total 181760K, used 23083K [0x00000000e0000000, 0x00000000f0100000, 0x0000000100000000)
  eden space 148480K, 0% used [0x00000000e0000000,0x00000000e0000000,0x00000000e9100000)
  from space 33280K, 69% used [0x00000000e9100000,0x00000000ea78af08,0x00000000eb180000)
  to   space 34816K, 0% used [0x00000000edf00000,0x00000000edf00000,0x00000000f0100000)
 ParOldGen       total 144384K, used 36839K [0x00000000a0000000, 0x00000000a8d00000, 0x00000000e0000000)
  object space 144384K, 25% used [0x00000000a0000000,0x00000000a23f9c28,0x00000000a8d00000)
 Metaspace       used 61802K, capacity 63918K, committed 64040K, reserved 1105920K
  class space    used 7351K, capacity 7958K, committed 7984K, reserved 1048576K
}
Event: 906.768 GC heap before
{Heap before GC invocations=18 (full 4):
 PSYoungGen      total 181760K, used 171563K [0x00000000e0000000, 0x00000000f0100000, 0x0000000100000000)
  eden space 148480K, 100% used [0x00000000e0000000,0x00000000e9100000,0x00000000e9100000)
  from space 33280K, 69% used [0x00000000e9100000,0x00000000ea78af08,0x00000000eb180000)
  to   space 34816K, 0% used [0x00000000edf00000,0x00000000edf00000,0x00000000f0100000)
 ParOldGen       total 144384K, used 36839K [0x00000000a0000000, 0x00000000a8d00000, 0x00000000e0000000)
  object space 144384K, 25% used [0x00000000a0000000,0x00000000a23f9c28,0x00000000a8d00000)
 Metaspace       used 63843K, capacity 66038K, committed 66344K, reserved 1107968K
  class space    used 7475K, capacity 8148K, committed 8240K, reserved 1048576K
Event: 906.792 GC heap after
Heap after GC invocations=18 (full 4):
 PSYoungGen      total 212992K, used 13796K [0x00000000e0000000, 0x00000000ef800000, 0x0000000100000000)
  eden space 187392K, 0% used [0x00000000e0000000,0x00000000e0000000,0x00000000eb700000)
  from space 25600K, 53% used [0x00000000edf00000,0x00000000eec79390,0x00000000ef800000)
  to   space 33280K, 0% used [0x00000000eb700000,0x00000000eb700000,0x00000000ed780000)
 ParOldGen       total 144384K, used 36847K [0x00000000a0000000, 0x00000000a8d00000, 0x00000000e0000000)
  object space 144384K, 25% used [0x00000000a0000000,0x00000000a23fbc28,0x00000000a8d00000)
 Metaspace       used 63843K, capacity 66038K, committed 66344K, reserved 1107968K
  class space    used 7475K, capacity 8148K, committed 8240K, reserved 1048576K
}
Event: 1270.557 GC heap before
{Heap before GC invocations=19 (full 4):
 PSYoungGen      total 212992K, used 201188K [0x00000000e0000000, 0x00000000ef800000, 0x0000000100000000)
  eden space 187392K, 100% used [0x00000000e0000000,0x00000000eb700000,0x00000000eb700000)
  from space 25600K, 53% used [0x00000000edf00000,0x00000000eec79390,0x00000000ef800000)
  to   space 33280K, 0% used [0x00000000eb700000,0x00000000eb700000,0x00000000ed780000)
 ParOldGen       total 144384K, used 36847K [0x00000000a0000000, 0x00000000a8d00000, 0x00000000e0000000)
  object space 144384K, 25% used [0x00000000a0000000,0x00000000a23fbc28,0x00000000a8d00000)
 Metaspace       used 66427K, capacity 69126K, committed 69288K, reserved 1110016K
  class space    used 7727K, capacity 8578K, committed 8624K, reserved 1048576K
Event: 1270.571 GC heap after
Heap after GC invocations=19 (full 4):
 PSYoungGen      total 220672K, used 14766K [0x00000000e0000000, 0x00000000f1c80000, 0x0000000100000000)
  eden space 187392K, 0% used [0x00000000e0000000,0x00000000e0000000,0x00000000eb700000)
  from space 33280K, 44% used [0x00000000eb700000,0x00000000ec56ba50,0x00000000ed780000)
  to   space 31232K, 0% used [0x00000000efe00000,0x00000000efe00000,0x00000000f1c80000)
 ParOldGen       total 144384K, used 36855K [0x00000000a0000000, 0x00000000a8d00000, 0x00000000e0000000)
  object space 144384K, 25% used [0x00000000a0000000,0x00000000a23fdc28,0x00000000a8d00000)
 Metaspace       used 66427K, capacity 69126K, committed 69288K, reserved 1110016K
  class space    used 7727K, capacity 8578K, committed 8624K, reserved 1048576K
}

